<?xml version="1.0" encoding="utf-8"?><testsuites name="pytest tests"><testsuite name="pytest" errors="0" failures="0" skipped="0" tests="38" time="8.000" timestamp="2026-05-07T00:29:19.679429+00:00" hostname="agent-env-787467a9-9254-40f2-81eb-f7460b009bcc"><testcase classname="backend.tests.test_dicom_platform.TestAuth" name="test_register_invalid_role" time="0.259" /><testcase classname="backend.tests.test_dicom_platform.TestAuth" name="test_register_duplicate_email" time="0.549" /><testcase classname="backend.tests.test_dicom_platform.TestAuth" name="test_login_invalid" time="0.406" /><testcase classname="backend.tests.test_dicom_platform.TestAuth" name="test_login_returns_token_shape" time="0.473" /><testcase classname="backend.tests.test_dicom_platform.TestAuth" name="test_bearer_token_works_on_me" time="0.484" /><testcase classname="backend.tests.test_dicom_platform.TestAuth" name="test_bearer_token_works_on_doctors_studies_stats" time="0.868" /><testcase classname="backend.tests.test_dicom_platform.TestAuth" name="test_register_returns_token_shape" time="0.346" /><testcase classname="backend.tests.test_dicom_platform.TestAuth" name="test_login_sets_cookie" time="0.339" /><testcase classname="backend.tests.test_dicom_platform.TestAuth" name="test_me_requires_auth" time="0.184" /><testcase classname="backend.tests.test_dicom_platform.TestAuth" name="test_me_authed" time="0.412" /><testcase classname="backend.tests.test_dicom_platform.TestAuth" name="test_logout_clears_cookie" time="0.475" /><testcase classname="backend.tests.test_dicom_platform.TestDoctors" name="test_list_doctors_has_seed_and_created" time="0.418" /><testcase classname="backend.tests.test_dicom_platform.TestStudies" name="test_upload_by_paciente" time="0.076" /><testcase classname="backend.tests.test_dicom_platform.TestStudies" name="test_upload_by_clinica" time="0.433" /><testcase classname="backend.tests.test_dicom_platform.TestStudies" name="test_upload_by_medico_forbidden" time="0.079" /><testcase classname="backend.tests.test_dicom_platform.TestStudies" name="test_upload_invalid_doctor" time="0.070" /><testcase classname="backend.tests.test_dicom_platform.TestStudies" name="test_list_studies_medico_filter" time="0.068" /><testcase classname="backend.tests.test_dicom_platform.TestStudies" name="test_list_studies_paciente_only_own" time="0.071" /><testcase classname="backend.tests.test_dicom_platform.TestStudies" name="test_download_by_assigned_medico_bytes_match" time="0.070" /><testcase classname="backend.tests.test_dicom_platform.TestStudies" name="test_download_by_uploader" time="0.072" /><testcase classname="backend.tests.test_dicom_platform.TestStudies" name="test_download_forbidden_third_party" time="0.061" /><testcase classname="backend.tests.test_dicom_platform.TestStudies" name="test_delete_by_medico_forbidden" time="0.066" /><testcase classname="backend.tests.test_dicom_platform.TestStudies" name="test_delete_by_other_uploader_forbidden" time="0.073" /><testcase classname="backend.tests.test_dicom_platform.TestStudies" name="test_delete_by_uploader" time="0.122" /><testcase classname="backend.tests.test_dicom_platform.TestStats" name="test_stats_medico" time="0.066" /><testcase classname="backend.tests.test_dicom_platform.TestStats" name="test_stats_paciente" time="0.070" /><testcase classname="backend.tests.test_dicom_platform.TestStats" name="test_stats_unauth" time="0.126" /><testcase classname="backend.tests.test_dicom_platform.TestAccessLogs" name="test_upload_creates_log_entry" time="0.068" /><testcase classname="backend.tests.test_dicom_platform.TestAccessLogs" name="test_download_creates_log_entry" time="0.139" /><testcase classname="backend.tests.test_dicom_platform.TestAccessLogs" name="test_medico_sees_logs_of_assigned_studies" time="0.064" /><testcase classname="backend.tests.test_dicom_platform.TestAccessLogs" name="test_paciente_does_not_see_other_uploads" time="0.198" /><testcase classname="backend.tests.test_dicom_platform.TestAccessLogs" name="test_study_logs_for_uploader" time="0.073" /><testcase classname="backend.tests.test_dicom_platform.TestAccessLogs" name="test_study_logs_for_assigned_medico" time="0.068" /><testcase classname="backend.tests.test_dicom_platform.TestAccessLogs" name="test_study_logs_forbidden_third_party" time="0.062" /><testcase classname="backend.tests.test_dicom_platform.TestAccessLogs" name="test_study_logs_404_invalid" time="0.073" /><testcase classname="backend.tests.test_dicom_platform.TestAccessLogs" name="test_logs_requires_auth" time="0.122" /><testcase classname="backend.tests.test_dicom_platform.TestAccessLogs" name="test_delete_creates_log_entry" time="0.204" /><testcase classname="backend.tests.test_dicom_platform" name="test_zz_cleanup" time="0.075" /></testsuite></testsuites>