<?xml version="1.0" encoding="utf-8"?><testsuites name="pytest tests"><testsuite name="pytest" errors="0" failures="0" skipped="0" tests="28" time="6.551" timestamp="2026-05-07T00:08:56.921262+00:00" hostname="agent-env-787467a9-9254-40f2-81eb-f7460b009bcc"><testcase classname="backend.tests.test_dicom_platform.TestAuth" name="test_register_invalid_role" time="0.150" /><testcase classname="backend.tests.test_dicom_platform.TestAuth" name="test_register_duplicate_email" time="0.483" /><testcase classname="backend.tests.test_dicom_platform.TestAuth" name="test_login_invalid" time="0.364" /><testcase classname="backend.tests.test_dicom_platform.TestAuth" name="test_login_returns_token_shape" time="0.354" /><testcase classname="backend.tests.test_dicom_platform.TestAuth" name="test_bearer_token_works_on_me" time="0.449" /><testcase classname="backend.tests.test_dicom_platform.TestAuth" name="test_bearer_token_works_on_doctors_studies_stats" time="0.702" /><testcase classname="backend.tests.test_dicom_platform.TestAuth" name="test_register_returns_token_shape" time="0.340" /><testcase classname="backend.tests.test_dicom_platform.TestAuth" name="test_login_sets_cookie" time="0.337" /><testcase classname="backend.tests.test_dicom_platform.TestAuth" name="test_me_requires_auth" time="0.139" /><testcase classname="backend.tests.test_dicom_platform.TestAuth" name="test_me_authed" time="0.448" /><testcase classname="backend.tests.test_dicom_platform.TestAuth" name="test_logout_clears_cookie" time="0.486" /><testcase classname="backend.tests.test_dicom_platform.TestDoctors" name="test_list_doctors_has_seed_and_created" time="0.448" /><testcase classname="backend.tests.test_dicom_platform.TestStudies" name="test_upload_by_paciente" time="0.081" /><testcase classname="backend.tests.test_dicom_platform.TestStudies" name="test_upload_by_clinica" time="0.417" /><testcase classname="backend.tests.test_dicom_platform.TestStudies" name="test_upload_by_medico_forbidden" time="0.101" /><testcase classname="backend.tests.test_dicom_platform.TestStudies" name="test_upload_invalid_doctor" time="0.077" /><testcase classname="backend.tests.test_dicom_platform.TestStudies" name="test_list_studies_medico_filter" time="0.074" /><testcase classname="backend.tests.test_dicom_platform.TestStudies" name="test_list_studies_paciente_only_own" time="0.074" /><testcase classname="backend.tests.test_dicom_platform.TestStudies" name="test_download_by_assigned_medico_bytes_match" time="0.076" /><testcase classname="backend.tests.test_dicom_platform.TestStudies" name="test_download_by_uploader" time="0.081" /><testcase classname="backend.tests.test_dicom_platform.TestStudies" name="test_download_forbidden_third_party" time="0.071" /><testcase classname="backend.tests.test_dicom_platform.TestStudies" name="test_delete_by_medico_forbidden" time="0.070" /><testcase classname="backend.tests.test_dicom_platform.TestStudies" name="test_delete_by_other_uploader_forbidden" time="0.090" /><testcase classname="backend.tests.test_dicom_platform.TestStudies" name="test_delete_by_uploader" time="0.138" /><testcase classname="backend.tests.test_dicom_platform.TestStats" name="test_stats_medico" time="0.070" /><testcase classname="backend.tests.test_dicom_platform.TestStats" name="test_stats_paciente" time="0.070" /><testcase classname="backend.tests.test_dicom_platform.TestStats" name="test_stats_unauth" time="0.186" /><testcase classname="backend.tests.test_dicom_platform" name="test_zz_cleanup" time="0.073" /></testsuite></testsuites>